<?xml version="1.0" encoding="UTF-8"?>
<testsuite xmlns:xsi="http://www.w3.org/2001/XMLSchema-instance" xsi:noNamespaceSchemaLocation="https://maven.apache.org/surefire/maven-surefire-plugin/xsd/surefire-test-report-3.0.xsd" version="3.0" name="com.customer.test.TestApplicationTests" time="5.491" tests="1" errors="0" skipped="0" failures="0">
  <properties>
[...]
</properties>
  <testcase name="contextLoads" classname="com.customer.test.TestApplicationTests" time="1.771">
    <system-out><![CDATA[15:18:12.639 [main] INFO org.springframework.test.context.support.AnnotationConfigContextLoaderUtils -- Could not detect default configuration classes for test class [com.customer.test.TestApplicationTests]: TestApplicationTests does not declare any static, non-private, non-final, nested classes annotated with @Configuration.
15:18:12.862 [main] INFO org.springframework.boot.test.context.SpringBootTestContextBootstrapper -- Found @SpringBootConfiguration com.customer.test.TestApplication for test class com.customer.test.TestApplicationTests

  .   ____          _            __ _ _
 /\\ / ___'_ __ _ _(_)_ __  __ _ \ \ \ \
( ( )\___ | '_ | '_| | '_ \/ _` | \ \ \ \
 \\/  ___)| |_)| | | | | || (_| |  ) ) ) )
  '  |____| .__|_| |_|_| |_\__, | / / / /
 =========|_|==============|___/=/_/_/_/
 :: Spring Boot ::                (v3.1.1)

2023-07-04T15:18:13.722+06:00  INFO 748 --- [           main] com.customer.test.TestApplicationTests   : Starting TestApplicationTests using Java 17.0.7 with PID 748 (started by csjoy in E:\spring-boot-project\test)
2023-07-04T15:18:13.725+06:00  INFO 748 --- [           main] com.customer.test.TestApplicationTests   : No active profile set, falling back to 1 default profile: "default"
2023-07-04T15:18:16.002+06:00  INFO 748 --- [           main] com.customer.test.TestApplicationTests   : Started TestApplicationTests in 2.817 seconds (process running for 4.795)
]]></system-out>
  </testcase>
</testsuite>